<?xml version="1.0" encoding="UTF-8"?>
<testsuite name="com.thoughtworks.rectangle.RectangleTest" tests="2" skipped="0" failures="0" errors="0" timestamp="2022-09-02T16:55:53" hostname="gurushifu-gurushifugitp-f7mwgplrs5w" time="0.07">
  <properties/>
  <testcase name="shouldReturnAreaWhenLengthBreadthIsGiven()" classname="com.thoughtworks.rectangle.RectangleTest" time="0.066"/>
  <testcase name="shouldReturnPerimeterWhenLengthBreadthIsGiven()" classname="com.thoughtworks.rectangle.RectangleTest" time="0.002"/>
  <system-out><![CDATA[]]></system-out>
  <system-err><![CDATA[]]></system-err>
</testsuite>
